\BOOKMARK [-1][-]{Doc-Start}{Avant-propos}{}% 1
\BOOKMARK [0][-]{chapter*.1}{Remerciements}{Doc-Start}% 2
\BOOKMARK [0][-]{chapter*.2}{Productions scientifiques}{Doc-Start}% 3
\BOOKMARK [0][-]{chapter*.9}{Liste des figures}{Doc-Start}% 4
\BOOKMARK [0][-]{chapter*.10}{Liste des tableaux}{Doc-Start}% 5
\BOOKMARK [0][-]{chapter*.11}{Liste des abbr\351viations}{Doc-Start}% 6
\BOOKMARK [-1][-]{part*.12}{Introduction}{}% 7
\BOOKMARK [0][-]{chapter.1}{Titre de niveau 0 \(chapter\)}{part*.12}% 8
\BOOKMARK [1][-]{section.1.1}{Titre de niveau 1 \(section\)}{chapter.1}% 9
\BOOKMARK [2][-]{subsection.1.1.1}{Titre de niveau 2 \(subsection\)}{section.1.1}% 10
\BOOKMARK [2][-]{subsection.1.1.2}{Titre de niveau 2 \(subsection\)}{section.1.1}% 11
\BOOKMARK [1][-]{section.1.2}{Titre de niveau 1 \(section\)}{chapter.1}% 12
\BOOKMARK [-1][-]{part.1}{I Titre affich\351 dans la table des mati\350res}{}% 13
\BOOKMARK [0][-]{chapter.2}{Titre de niveau 0 \(chapter\)}{part.1}% 14
\BOOKMARK [1][-]{section.2.1}{Titre de niveau 1 \(section\)}{chapter.2}% 15
\BOOKMARK [2][-]{subsection.2.1.1}{Titre de niveau 2 \(subsection\)}{section.2.1}% 16
\BOOKMARK [2][-]{subsection.2.1.2}{Titre de niveau 2 \(subsection\)}{section.2.1}% 17
\BOOKMARK [1][-]{section.2.2}{Titre de niveau 1 \(section\)}{chapter.2}% 18
\BOOKMARK [0][-]{chapter.3}{Titre de niveau 0 \(chapter\)}{part.1}% 19
\BOOKMARK [1][-]{section.3.1}{Titre de niveau 1 \(section\)}{chapter.3}% 20
\BOOKMARK [2][-]{subsection.3.1.1}{Titre de niveau 2 \(subsection\)}{section.3.1}% 21
\BOOKMARK [2][-]{subsection.3.1.2}{Titre de niveau 2 \(subsection\)}{section.3.1}% 22
\BOOKMARK [1][-]{section.3.2}{Titre de niveau 1 \(section\)}{chapter.3}% 23
\BOOKMARK [-1][-]{part.2}{II Titre de la partie 2}{}% 24
\BOOKMARK [0][-]{chapter.4}{Titre de niveau 0 \(chapter\)}{part.2}% 25
\BOOKMARK [1][-]{section.4.1}{Titre de niveau 1 \(section\)}{chapter.4}% 26
\BOOKMARK [2][-]{subsection.4.1.1}{Titre de niveau 2 \(subsection\)}{section.4.1}% 27
\BOOKMARK [2][-]{subsection.4.1.2}{Titre de niveau 2 \(subsection\)}{section.4.1}% 28
\BOOKMARK [1][-]{section.4.2}{Titre de niveau 1 \(section\)}{chapter.4}% 29
\BOOKMARK [-1][-]{part*.29}{Conclusion}{}% 30
\BOOKMARK [0][-]{chapter.5}{Titre de niveau 0 \(chapter\)}{part*.29}% 31
\BOOKMARK [1][-]{section.5.1}{Titre de niveau 1 \(section\)}{chapter.5}% 32
\BOOKMARK [2][-]{subsection.5.1.1}{Titre de niveau 2 \(subsection\)}{section.5.1}% 33
\BOOKMARK [2][-]{subsection.5.1.2}{Titre de niveau 2 \(subsection\)}{section.5.1}% 34
\BOOKMARK [1][-]{section.5.2}{Titre de niveau 1 \(section\)}{chapter.5}% 35
\BOOKMARK [-1][-]{part*.34}{Annexes}{}% 36
\BOOKMARK [0][-]{appendix.A}{Titre de niveau 0 \(chapter\)}{part*.34}% 37
\BOOKMARK [1][-]{section.A.1}{Titre de niveau 1 \(section\)}{appendix.A}% 38
\BOOKMARK [2][-]{subsection.A.1.1}{Titre de niveau 2 \(subsection\)}{section.A.1}% 39
\BOOKMARK [2][-]{subsection.A.1.2}{Titre de niveau 2 \(subsection\)}{section.A.1}% 40
\BOOKMARK [1][-]{section.A.2}{Titre de niveau 1 \(section\)}{appendix.A}% 41
\BOOKMARK [0][-]{appendix*.35}{Bibliographie}{part*.34}% 42
